# JRE version: OpenJDK Runtime Environment Temurin-17.0.1+12 (17.0.1+12) (build 17.0.1+12)
# Java VM: OpenJDK 64-Bit Server VM Temurin-17.0.1+12 (17.0.1+12, mixed mode, tiered, compressed oops, compressed class ptrs, parallel gc, windows-amd64)
GC Precious Log:
 CPUs: 8 total, 8 available
 Memory: 8022M
 Large Page Support: Disabled
 NUMA Support: Disabled
 Compressed Oops: Enabled (32-bit)
 Alignments: Space 512K, Generation 512K, Heap 2M
 Heap Min Capacity: 100M
 Heap Initial Capacity: 100M
 Heap Max Capacity: 1G
 Pre-touch: Disabled
 Parallel Workers: 8
Heap:
 PSYoungGen      total 9216K, used 1689K [0x00000000eab00000, 0x00000000eb680000, 0x0000000100000000)
  eden space 8192K, 8% used [0x00000000eab00000,0x00000000eaba6570,0x00000000eb300000)
  from space 1024K, 100% used [0x00000000eb580000,0x00000000eb680000,0x00000000eb680000)
  to   space 1536K, 0% used [0x00000000eb380000,0x00000000eb380000,0x00000000eb500000)
 ParOldGen       total 135680K, used 113905K [0x00000000c0000000, 0x00000000c8480000, 0x00000000eab00000)
  object space 135680K, 83% used [0x00000000c0000000,0x00000000c6f3c738,0x00000000c8480000)
 Metaspace       used 57596K, committed 58432K, reserved 1105920K
  class space    used 6764K, committed 7104K, reserved 1048576K
GC Heap History (20 events):
Event: 14.542 GC heap before
{Heap before GC invocations=59 (full 4):
 PSYoungGen      total 9216K, used 9184K [0x00000000eab00000, 0x00000000eb880000, 0x0000000100000000)
  eden space 8192K, 100% used [0x00000000eab00000,0x00000000eb300000,0x00000000eb300000)
  from space 1024K, 96% used [0x00000000eb780000,0x00000000eb878000,0x00000000eb880000)
  to   space 1536K, 0% used [0x00000000eb580000,0x00000000eb580000,0x00000000eb700000)
 ParOldGen       total 111616K, used 105329K [0x00000000c0000000, 0x00000000c6d00000, 0x00000000eab00000)
  object space 111616K, 94% used [0x00000000c0000000,0x00000000c66dc530,0x00000000c6d00000)
 Metaspace       used 57595K, committed 58432K, reserved 1105920K
  class space    used 6764K, committed 7104K, reserved 1048576K
}
Event: 14.543 GC heap after
{Heap after GC invocations=59 (full 4):
 PSYoungGen      total 9728K, used 864K [0x00000000eab00000, 0x00000000eb800000, 0x0000000100000000)
  eden space 8192K, 0% used [0x00000000eab00000,0x00000000eab00000,0x00000000eb300000)
  from space 1536K, 56% used [0x00000000eb580000,0x00000000eb658000,0x00000000eb700000)
  to   space 1024K, 0% used [0x00000000eb700000,0x00000000eb700000,0x00000000eb800000)
 ParOldGen       total 111616K, used 106265K [0x00000000c0000000, 0x00000000c6d00000, 0x00000000eab00000)
  object space 111616K, 95% used [0x00000000c0000000,0x00000000c67c6530,0x00000000c6d00000)
 Metaspace       used 57595K, committed 58432K, reserved 1105920K
  class space    used 6764K, committed 7104K, reserved 1048576K
}
Event: 14.608 GC heap before
{Heap before GC invocations=60 (full 4):
 PSYoungGen      total 9728K, used 9056K [0x00000000eab00000, 0x00000000eb800000, 0x0000000100000000)
  eden space 8192K, 100% used [0x00000000eab00000,0x00000000eb300000,0x00000000eb300000)
  from space 1536K, 56% used [0x00000000eb580000,0x00000000eb658000,0x00000000eb700000)
  to   space 1024K, 0% used [0x00000000eb700000,0x00000000eb700000,0x00000000eb800000)
 ParOldGen       total 111616K, used 106265K [0x00000000c0000000, 0x00000000c6d00000, 0x00000000eab00000)
  object space 111616K, 95% used [0x00000000c0000000,0x00000000c67c6530,0x00000000c6d00000)
 Metaspace       used 57595K, committed 58432K, reserved 1105920K
  class space    used 6764K, committed 7104K, reserved 1048576K
}
Event: 14.609 GC heap after
{Heap after GC invocations=60 (full 4):
 PSYoungGen      total 9216K, used 1024K [0x00000000eab00000, 0x00000000eb800000, 0x0000000100000000)
  eden space 8192K, 0% used [0x00000000eab00000,0x00000000eab00000,0x00000000eb300000)
  from space 1024K, 100% used [0x00000000eb700000,0x00000000eb800000,0x00000000eb800000)
  to   space 2048K, 0% used [0x00000000eb400000,0x00000000eb400000,0x00000000eb600000)
 ParOldGen       total 111616K, used 107089K [0x00000000c0000000, 0x00000000c6d00000, 0x00000000eab00000)
  object space 111616K, 95% used [0x00000000c0000000,0x00000000c6894530,0x00000000c6d00000)
 Metaspace       used 57595K, committed 58432K, reserved 1105920K
  class space    used 6764K, committed 7104K, reserved 1048576K
}
Event: 14.680 GC heap before
{Heap before GC invocations=61 (full 4):
 PSYoungGen      total 9216K, used 9216K [0x00000000eab00000, 0x00000000eb800000, 0x0000000100000000)
  eden space 8192K, 100% used [0x00000000eab00000,0x00000000eb300000,0x00000000eb300000)
  from space 1024K, 100% used [0x00000000eb700000,0x00000000eb800000,0x00000000eb800000)
  to   space 2048K, 0% used [0x00000000eb400000,0x00000000eb400000,0x00000000eb600000)
 ParOldGen       total 111616K, used 107089K [0x00000000c0000000, 0x00000000c6d00000, 0x00000000eab00000)
  object space 111616K, 95% used [0x00000000c0000000,0x00000000c6894530,0x00000000c6d00000)
 Metaspace       used 57595K, committed 58432K, reserved 1105920K
  class space    used 6764K, committed 7104K, reserved 1048576K
}
Event: 14.683 GC heap after
{Heap after GC invocations=61 (full 4):
 PSYoungGen      total 10240K, used 1056K [0x00000000eab00000, 0x00000000eb780000, 0x0000000100000000)
  eden space 8192K, 0% used [0x00000000eab00000,0x00000000eab00000,0x00000000eb300000)
  from space 2048K, 51% used [0x00000000eb400000,0x00000000eb508000,0x00000000eb600000)
  to   space 1536K, 0% used [0x00000000eb600000,0x00000000eb600000,0x00000000eb780000)
 ParOldGen       total 111616K, used 108017K [0x00000000c0000000, 0x00000000c6d00000, 0x00000000eab00000)
  object space 111616K, 96% used [0x00000000c0000000,0x00000000c697c530,0x00000000c6d00000)
 Metaspace       used 57595K, committed 58432K, reserved 1105920K
  class space    used 6764K, committed 7104K, reserved 1048576K
}
Event: 14.753 GC heap before
{Heap before GC invocations=62 (full 4):
 PSYoungGen      total 10240K, used 9248K [0x00000000eab00000, 0x00000000eb780000, 0x0000000100000000)
  eden space 8192K, 100% used [0x00000000eab00000,0x00000000eb300000,0x00000000eb300000)
  from space 2048K, 51% used [0x00000000eb400000,0x00000000eb508000,0x00000000eb600000)
  to   space 1536K, 0% used [0x00000000eb600000,0x00000000eb600000,0x00000000eb780000)
 ParOldGen       total 111616K, used 108017K [0x00000000c0000000, 0x00000000c6d00000, 0x00000000eab00000)
  object space 111616K, 96% used [0x00000000c0000000,0x00000000c697c530,0x00000000c6d00000)
 Metaspace       used 57596K, committed 58432K, reserved 1105920K
  class space    used 6764K, committed 7104K, reserved 1048576K
}
Event: 14.755 GC heap after
{Heap after GC invocations=62 (full 4):
 PSYoungGen      total 9728K, used 1056K [0x00000000eab00000, 0x00000000eb780000, 0x0000000100000000)
  eden space 8192K, 0% used [0x00000000eab00000,0x00000000eab00000,0x00000000eb300000)
  from space 1536K, 68% used [0x00000000eb600000,0x00000000eb708000,0x00000000eb780000)
  to   space 1536K, 0% used [0x00000000eb480000,0x00000000eb480000,0x00000000eb600000)
 ParOldGen       total 111616K, used 109009K [0x00000000c0000000, 0x00000000c6d00000, 0x00000000eab00000)
  object space 111616K, 97% used [0x00000000c0000000,0x00000000c6a74530,0x00000000c6d00000)
 Metaspace       used 57596K, committed 58432K, reserved 1105920K
  class space    used 6764K, committed 7104K, reserved 1048576K
}
Event: 14.863 GC heap before
{Heap before GC invocations=63 (full 4):
 PSYoungGen      total 9728K, used 9248K [0x00000000eab00000, 0x00000000eb780000, 0x0000000100000000)
  eden space 8192K, 100% used [0x00000000eab00000,0x00000000eb300000,0x00000000eb300000)
  from space 1536K, 68% used [0x00000000eb600000,0x00000000eb708000,0x00000000eb780000)
  to   space 1536K, 0% used [0x00000000eb480000,0x00000000eb480000,0x00000000eb600000)
 ParOldGen       total 111616K, used 109009K [0x00000000c0000000, 0x00000000c6d00000, 0x00000000eab00000)
  object space 111616K, 97% used [0x00000000c0000000,0x00000000c6a74530,0x00000000c6d00000)
 Metaspace       used 57596K, committed 58432K, reserved 1105920K
  class space    used 6764K, committed 7104K, reserved 1048576K
}
Event: 14.865 GC heap after
{Heap after GC invocations=63 (full 4):
 PSYoungGen      total 9728K, used 1088K [0x00000000eab00000, 0x00000000eb680000, 0x0000000100000000)
  eden space 8192K, 0% used [0x00000000eab00000,0x00000000eab00000,0x00000000eb300000)
  from space 1536K, 70% used [0x00000000eb480000,0x00000000eb590000,0x00000000eb600000)
  to   space 512K, 0% used [0x00000000eb600000,0x00000000eb600000,0x00000000eb680000)
 ParOldGen       total 111616K, used 109985K [0x00000000c0000000, 0x00000000c6d00000, 0x00000000eab00000)
  object space 111616K, 98% used [0x00000000c0000000,0x00000000c6b68530,0x00000000c6d00000)
 Metaspace       used 57596K, committed 58432K, reserved 1105920K
  class space    used 6764K, committed 7104K, reserved 1048576K
}
Event: 14.906 GC heap before
{Heap before GC invocations=64 (full 4):
 PSYoungGen      total 9728K, used 9280K [0x00000000eab00000, 0x00000000eb680000, 0x0000000100000000)
  eden space 8192K, 100% used [0x00000000eab00000,0x00000000eb300000,0x00000000eb300000)
  from space 1536K, 70% used [0x00000000eb480000,0x00000000eb590000,0x00000000eb600000)
  to   space 512K, 0% used [0x00000000eb600000,0x00000000eb600000,0x00000000eb680000)
 ParOldGen       total 111616K, used 109985K [0x00000000c0000000, 0x00000000c6d00000, 0x00000000eab00000)
  object space 111616K, 98% used [0x00000000c0000000,0x00000000c6b68530,0x00000000c6d00000)
 Metaspace       used 57596K, committed 58432K, reserved 1105920K
  class space    used 6764K, committed 7104K, reserved 1048576K
}
Event: 14.908 GC heap after
{Heap after GC invocations=64 (full 4):
 PSYoungGen      total 8704K, used 512K [0x00000000eab00000, 0x00000000eb800000, 0x0000000100000000)
  eden space 8192K, 0% used [0x00000000eab00000,0x00000000eab00000,0x00000000eb300000)
  from space 512K, 100% used [0x00000000eb600000,0x00000000eb680000,0x00000000eb680000)
  to   space 2560K, 0% used [0x00000000eb300000,0x00000000eb300000,0x00000000eb580000)
 ParOldGen       total 111616K, used 111513K [0x00000000c0000000, 0x00000000c6d00000, 0x00000000eab00000)
  object space 111616K, 99% used [0x00000000c0000000,0x00000000c6ce6530,0x00000000c6d00000)
 Metaspace       used 57596K, committed 58432K, reserved 1105920K
  class space    used 6764K, committed 7104K, reserved 1048576K
}
Event: 14.908 GC heap before
{Heap before GC invocations=65 (full 5):
 PSYoungGen      total 8704K, used 512K [0x00000000eab00000, 0x00000000eb800000, 0x0000000100000000)
  eden space 8192K, 0% used [0x00000000eab00000,0x00000000eab00000,0x00000000eb300000)
  from space 512K, 100% used [0x00000000eb600000,0x00000000eb680000,0x00000000eb680000)
  to   space 2560K, 0% used [0x00000000eb300000,0x00000000eb300000,0x00000000eb580000)
 ParOldGen       total 111616K, used 111513K [0x00000000c0000000, 0x00000000c6d00000, 0x00000000eab00000)
  object space 111616K, 99% used [0x00000000c0000000,0x00000000c6ce6530,0x00000000c6d00000)
 Metaspace       used 57596K, committed 58432K, reserved 1105920K
  class space    used 6764K, committed 7104K, reserved 1048576K
}
Event: 14.982 GC heap after
{Heap after GC invocations=65 (full 5):
 PSYoungGen      total 10752K, used 0K [0x00000000eab00000, 0x00000000eb800000, 0x0000000100000000)
  eden space 8192K, 0% used [0x00000000eab00000,0x00000000eab00000,0x00000000eb300000)
  from space 2560K, 0% used [0x00000000eb300000,0x00000000eb300000,0x00000000eb580000)
  to   space 2560K, 0% used [0x00000000eb580000,0x00000000eb580000,0x00000000eb800000)
 ParOldGen       total 135680K, used 109489K [0x00000000c0000000, 0x00000000c8480000, 0x00000000eab00000)
  object space 135680K, 80% used [0x00000000c0000000,0x00000000c6aec728,0x00000000c8480000)
 Metaspace       used 57596K, committed 58432K, reserved 1105920K
  class space    used 6764K, committed 7104K, reserved 1048576K
}
Event: 15.073 GC heap before
{Heap before GC invocations=66 (full 5):
 PSYoungGen      total 10752K, used 8192K [0x00000000eab00000, 0x00000000eb800000, 0x0000000100000000)
  eden space 8192K, 100% used [0x00000000eab00000,0x00000000eb300000,0x00000000eb300000)
  from space 2560K, 0% used [0x00000000eb300000,0x00000000eb300000,0x00000000eb580000)
  to   space 2560K, 0% used [0x00000000eb580000,0x00000000eb580000,0x00000000eb800000)
 ParOldGen       total 135680K, used 109489K [0x00000000c0000000, 0x00000000c8480000, 0x00000000eab00000)
  object space 135680K, 80% used [0x00000000c0000000,0x00000000c6aec728,0x00000000c8480000)
 Metaspace       used 57596K, committed 58432K, reserved 1105920K
  class space    used 6764K, committed 7104K, reserved 1048576K
}
Event: 15.075 GC heap after
{Heap after GC invocations=66 (full 5):
 PSYoungGen      total 9728K, used 1056K [0x00000000eab00000, 0x00000000eb700000, 0x0000000100000000)
  eden space 8192K, 0% used [0x00000000eab00000,0x00000000eab00000,0x00000000eb300000)
  from space 1536K, 68% used [0x00000000eb580000,0x00000000eb688000,0x00000000eb700000)
  to   space 1536K, 0% used [0x00000000eb400000,0x00000000eb400000,0x00000000eb580000)
 ParOldGen       total 135680K, used 109489K [0x00000000c0000000, 0x00000000c8480000, 0x00000000eab00000)
  object space 135680K, 80% used [0x00000000c0000000,0x00000000c6aec728,0x00000000c8480000)
 Metaspace       used 57596K, committed 58432K, reserved 1105920K
  class space    used 6764K, committed 7104K, reserved 1048576K
}
Event: 15.106 GC heap before
{Heap before GC invocations=67 (full 5):
 PSYoungGen      total 9728K, used 9248K [0x00000000eab00000, 0x00000000eb700000, 0x0000000100000000)
  eden space 8192K, 100% used [0x00000000eab00000,0x00000000eb300000,0x00000000eb300000)
  from space 1536K, 68% used [0x00000000eb580000,0x00000000eb688000,0x00000000eb700000)
  to   space 1536K, 0% used [0x00000000eb400000,0x00000000eb400000,0x00000000eb580000)
 ParOldGen       total 135680K, used 109489K [0x00000000c0000000, 0x00000000c8480000, 0x00000000eab00000)
  object space 135680K, 80% used [0x00000000c0000000,0x00000000c6aec728,0x00000000c8480000)
 Metaspace       used 57596K, committed 58432K, reserved 1105920K
  class space    used 6764K, committed 7104K, reserved 1048576K
}
Event: 15.108 GC heap after
{Heap after GC invocations=67 (full 5):
 PSYoungGen      total 9728K, used 1536K [0x00000000eab00000, 0x00000000eb800000, 0x0000000100000000)
  eden space 8192K, 0% used [0x00000000eab00000,0x00000000eab00000,0x00000000eb300000)
  from space 1536K, 100% used [0x00000000eb400000,0x00000000eb580000,0x00000000eb580000)
  to   space 2560K, 0% used [0x00000000eb580000,0x00000000eb580000,0x00000000eb800000)
 ParOldGen       total 135680K, used 109897K [0x00000000c0000000, 0x00000000c8480000, 0x00000000eab00000)
  object space 135680K, 80% used [0x00000000c0000000,0x00000000c6b52728,0x00000000c8480000)
 Metaspace       used 57596K, committed 58432K, reserved 1105920K
  class space    used 6764K, committed 7104K, reserved 1048576K
}
Event: 15.222 GC heap before
{Heap before GC invocations=68 (full 5):
 PSYoungGen      total 9728K, used 9728K [0x00000000eab00000, 0x00000000eb800000, 0x0000000100000000)
  eden space 8192K, 100% used [0x00000000eab00000,0x00000000eb300000,0x00000000eb300000)
  from space 1536K, 100% used [0x00000000eb400000,0x00000000eb580000,0x00000000eb580000)
  to   space 2560K, 0% used [0x00000000eb580000,0x00000000eb580000,0x00000000eb800000)
 ParOldGen       total 135680K, used 109897K [0x00000000c0000000, 0x00000000c8480000, 0x00000000eab00000)
  object space 135680K, 80% used [0x00000000c0000000,0x00000000c6b52728,0x00000000c8480000)
 Metaspace       used 57596K, committed 58432K, reserved 1105920K
  class space    used 6764K, committed 7104K, reserved 1048576K
}
Event: 15.224 GC heap after
{Heap after GC invocations=68 (full 5):
 PSYoungGen      total 9728K, used 1424K [0x00000000eab00000, 0x00000000eb700000, 0x0000000100000000)
  eden space 8192K, 0% used [0x00000000eab00000,0x00000000eab00000,0x00000000eb300000)
  from space 1536K, 92% used [0x00000000eb580000,0x00000000eb6e4010,0x00000000eb700000)
  to   space 2048K, 0% used [0x00000000eb300000,0x00000000eb300000,0x00000000eb500000)
 ParOldGen       total 135680K, used 111473K [0x00000000c0000000, 0x00000000c8480000, 0x00000000eab00000)
  object space 135680K, 82% used [0x00000000c0000000,0x00000000c6cdc728,0x00000000c8480000)
 Metaspace       used 57596K, committed 58432K, reserved 1105920K
  class space    used 6764K, committed 7104K, reserved 1048576K
}

