# JRE version: OpenJDK Runtime Environment (11.0.10) (build 11.0.10+0-b96-7249189)
# Java VM: OpenJDK 64-Bit Server VM (11.0.10+0-b96-7249189, mixed mode, tiered, compressed oops, g1 gc, windows-amd64)
Heap:
 garbage-first heap   total 129024K, used 82254K [0x00000000a0000000, 0x0000000100000000)
  region size 1024K, 44 young (45056K), 6 survivors (6144K)
 Metaspace       used 53886K, capacity 55041K, committed 55296K, reserved 1099776K
  class space    used 6751K, capacity 7119K, committed 7168K, reserved 1048576K
GC Heap History (16 events):
Event: 0.739 GC heap before
{Heap before GC invocations=0 (full 0):
 garbage-first heap   total 129024K, used 29696K [0x00000000a0000000, 0x0000000100000000)
  region size 1024K, 24 young (24576K), 0 survivors (0K)
 Metaspace       used 10775K, capacity 11051K, committed 11264K, reserved 1058816K
  class space    used 1136K, capacity 1194K, committed 1280K, reserved 1048576K
}
Event: 0.745 GC heap after
{Heap after GC invocations=1 (full 0):
 garbage-first heap   total 129024K, used 8190K [0x00000000a0000000, 0x0000000100000000)
  region size 1024K, 3 young (3072K), 3 survivors (3072K)
 Metaspace       used 10775K, capacity 11051K, committed 11264K, reserved 1058816K
  class space    used 1136K, capacity 1194K, committed 1280K, reserved 1048576K
}
Event: 2.422 GC heap before
{Heap before GC invocations=1 (full 0):
 garbage-first heap   total 129024K, used 80894K [0x00000000a0000000, 0x0000000100000000)
  region size 1024K, 75 young (76800K), 3 survivors (3072K)
 Metaspace       used 19541K, capacity 19925K, committed 19968K, reserved 1067008K
  class space    used 2423K, capacity 2523K, committed 2560K, reserved 1048576K
}
Event: 2.428 GC heap after
{Heap after GC invocations=2 (full 0):
 garbage-first heap   total 129024K, used 15460K [0x00000000a0000000, 0x0000000100000000)
  region size 1024K, 10 young (10240K), 10 survivors (10240K)
 Metaspace       used 19541K, capacity 19925K, committed 19968K, reserved 1067008K
  class space    used 2423K, capacity 2523K, committed 2560K, reserved 1048576K
}
Event: 2.620 GC heap before
{Heap before GC invocations=2 (full 0):
 garbage-first heap   total 129024K, used 23652K [0x00000000a0000000, 0x0000000100000000)
  region size 1024K, 19 young (19456K), 10 survivors (10240K)
 Metaspace       used 20764K, capacity 21175K, committed 21248K, reserved 1067008K
  class space    used 2615K, capacity 2795K, committed 2816K, reserved 1048576K
}
Event: 2.642 GC heap after
{Heap after GC invocations=3 (full 0):
 garbage-first heap   total 129024K, used 16043K [0x00000000a0000000, 0x0000000100000000)
  region size 1024K, 1 young (1024K), 1 survivors (1024K)
 Metaspace       used 20764K, capacity 21175K, committed 21248K, reserved 1067008K
  class space    used 2615K, capacity 2795K, committed 2816K, reserved 1048576K
}
Event: 4.494 GC heap before
{Heap before GC invocations=4 (full 0):
 garbage-first heap   total 129024K, used 61099K [0x00000000a0000000, 0x0000000100000000)
  region size 1024K, 45 young (46080K), 1 survivors (1024K)
 Metaspace       used 29860K, capacity 30410K, committed 30720K, reserved 1075200K
  class space    used 3780K, capacity 3975K, committed 4096K, reserved 1048576K
}
Event: 4.499 GC heap after
{Heap after GC invocations=5 (full 0):
 garbage-first heap   total 129024K, used 19035K [0x00000000a0000000, 0x0000000100000000)
  region size 1024K, 4 young (4096K), 4 survivors (4096K)
 Metaspace       used 29860K, capacity 30410K, committed 30720K, reserved 1075200K
  class space    used 3780K, capacity 3975K, committed 4096K, reserved 1048576K
}
Event: 5.278 GC heap before
{Heap before GC invocations=5 (full 0):
 garbage-first heap   total 129024K, used 64091K [0x00000000a0000000, 0x0000000100000000)
  region size 1024K, 47 young (48128K), 4 survivors (4096K)
 Metaspace       used 35271K, capacity 35767K, committed 35840K, reserved 1081344K
  class space    used 4387K, capacity 4584K, committed 4608K, reserved 1048576K
}
Event: 5.288 GC heap after
{Heap after GC invocations=6 (full 0):
 garbage-first heap   total 129024K, used 21806K [0x00000000a0000000, 0x0000000100000000)
  region size 1024K, 6 young (6144K), 6 survivors (6144K)
 Metaspace       used 35271K, capacity 35767K, committed 35840K, reserved 1081344K
  class space    used 4387K, capacity 4584K, committed 4608K, reserved 1048576K
}
Event: 6.040 GC heap before
{Heap before GC invocations=7 (full 0):
 garbage-first heap   total 129024K, used 73006K [0x00000000a0000000, 0x0000000100000000)
  region size 1024K, 56 young (57344K), 6 survivors (6144K)
 Metaspace       used 38775K, capacity 39466K, committed 39552K, reserved 1083392K
  class space    used 4950K, capacity 5174K, committed 5248K, reserved 1048576K
}
Event: 6.047 GC heap after
{Heap after GC invocations=8 (full 0):
 garbage-first heap   total 129024K, used 24525K [0x00000000a0000000, 0x0000000100000000)
  region size 1024K, 6 young (6144K), 6 survivors (6144K)
 Metaspace       used 38775K, capacity 39466K, committed 39552K, reserved 1083392K
  class space    used 4950K, capacity 5174K, committed 5248K, reserved 1048576K
}
Event: 8.633 GC heap before
{Heap before GC invocations=8 (full 0):
 garbage-first heap   total 129024K, used 81869K [0x00000000a0000000, 0x0000000100000000)
  region size 1024K, 58 young (59392K), 6 survivors (6144K)
 Metaspace       used 44206K, capacity 45136K, committed 45440K, reserved 1089536K
  class space    used 5619K, capacity 5934K, committed 6016K, reserved 1048576K
}
Event: 8.642 GC heap after
{Heap after GC invocations=9 (full 0):
 garbage-first heap   total 129024K, used 37888K [0x00000000a0000000, 0x0000000100000000)
  region size 1024K, 8 young (8192K), 8 survivors (8192K)
 Metaspace       used 44206K, capacity 45136K, committed 45440K, reserved 1089536K
  class space    used 5619K, capacity 5934K, committed 6016K, reserved 1048576K
}
Event: 9.682 GC heap before
{Heap before GC invocations=9 (full 0):
 garbage-first heap   total 129024K, used 84992K [0x00000000a0000000, 0x0000000100000000)
  region size 1024K, 55 young (56320K), 8 survivors (8192K)
 Metaspace       used 50227K, capacity 51314K, committed 51584K, reserved 1093632K
  class space    used 6315K, capacity 6674K, committed 6784K, reserved 1048576K
}
Event: 9.690 GC heap after
{Heap after GC invocations=10 (full 0):
 garbage-first heap   total 129024K, used 44366K [0x00000000a0000000, 0x0000000100000000)
  region size 1024K, 6 young (6144K), 6 survivors (6144K)
 Metaspace       used 50227K, capacity 51314K, committed 51584K, reserved 1093632K
  class space    used 6315K, capacity 6674K, committed 6784K, reserved 1048576K
}

